[2021-03-20 12:43:03:269 :default:8700:] [U: T:] [INFO] DartBootApplication: Start to scan annotated classes in application...
[2021-03-20 12:43:03:275 :default:8700:] [U: T:] [INFO] DartBootApplication: Dynamic class -> [BuildContext] loaded.
[2021-03-20 12:43:03:275 :default:8700:] [U: T:] [INFO] DartBootApplication: RestController scan finished. Total 1 controllers.
[2021-03-20 12:43:03:275 :default:8700:] [U: T:] [INFO] DartBootApplication: RestController: Symbol("EurekaClientEndpoint") registered.
[2021-03-20 12:43:03:275 :default:8700:] [U: T:] [INFO] DartBootApplication: All annotated classes scanned.
[2021-03-20 12:43:03:275 :default:8700:] [U: T:] [INFO] HttpServer: Bind api:[GET /health] to controller:[Symbol("EurekaClientEndpoint")]
[2021-03-20 12:43:03:275 :default:8700:] [U: T:] [INFO] HttpServer: Bind api:[POST /shutdown] to controller:[Symbol("EurekaClientEndpoint")]
[2021-03-20 12:43:03:275 :default:8700:] [U: T:] [INFO] HttpServer: Bind api:[POST /register] to controller:[Symbol("EurekaClientEndpoint")]
[2021-03-20 12:43:03:276 :default:8700:] [U: T:] [INFO] HttpServer: Start to bind http server to local host...
[2021-03-20 12:43:03:276 :default:8700:] [U: T:] [INFO] HttpServer: Server started on port:8700 and context path:[/dartboot].
[2021-03-20 12:43:03:276 :default:8700:] [U: T:] [INFO] DartBootApplication: Application startup completed.
[2021-03-20 12:51:40:077 :default:8700:] [U: T:] [INFO] DartBootApplication: Start to scan annotated classes in application...
[2021-03-20 12:51:40:083 :default:8700:] [U: T:] [INFO] DartBootApplication: Dynamic class -> [BuildContext] loaded.
[2021-03-20 12:51:40:083 :default:8700:] [U: T:] [INFO] DartBootApplication: RestController scan finished. Total 1 controllers.
[2021-03-20 12:51:40:083 :default:8700:] [U: T:] [INFO] DartBootApplication: RestController: Symbol("EurekaClientEndpoint") registered.
[2021-03-20 12:51:40:083 :default:8700:] [U: T:] [INFO] DartBootApplication: All annotated classes scanned.
[2021-03-20 12:51:40:083 :default:8700:] [U: T:] [INFO] HttpServer: Bind api:[GET /health] to controller:[Symbol("EurekaClientEndpoint")]
[2021-03-20 12:51:40:084 :default:8700:] [U: T:] [INFO] HttpServer: Bind api:[POST /shutdown] to controller:[Symbol("EurekaClientEndpoint")]
[2021-03-20 12:51:40:084 :default:8700:] [U: T:] [INFO] HttpServer: Bind api:[POST /register] to controller:[Symbol("EurekaClientEndpoint")]
[2021-03-20 12:51:40:084 :default:8700:] [U: T:] [INFO] HttpServer: Start to bind http server to local host...
[2021-03-20 12:51:40:084 :default:8700:] [U: T:] [INFO] HttpServer: Server started on port:8700 and context path:[/dartboot].
[2021-03-20 12:51:40:085 :default:8700:] [U: T:] [INFO] DartBootApplication: Application startup completed.
